<?xml version="1.0" encoding="UTF-8"?>
<!-- Generated by org.testng.reporters.JUnitReportReporter -->
<testsuite skipped="0" hostname="DESKTOP-5MU6NLQ" name="tests.EditComputerTest" tests="6" failures="0" timestamp="05 May 2019 11:36:57 GMT" time="26.692" errors="0">
  <testcase name="userCanEditComputerName" time="3.891" classname="tests.EditComputerTest"/>
  <testcase name="userCanEditComputerName" time="3.413" classname="tests.EditComputerTest"/>
  <testcase name="userCanEditSavedComputerData" time="6.484" classname="tests.EditComputerTest"/>
  <testcase name="userCanEditSavedComputerData" time="3.675" classname="tests.EditComputerTest"/>
  <testcase name="userCannotEditComputerWithoutName" time="5.009" classname="tests.EditComputerTest"/>
  <testcase name="userCannotEditComputerWithoutName" time="4.220" classname="tests.EditComputerTest"/>
</testsuite> <!-- tests.EditComputerTest -->
