<?xml version="1.0" encoding="UTF-8"?>
<!-- Generated by org.testng.reporters.JUnitReportReporter -->
<testsuite skipped="0" hostname="DESKTOP-5MU6NLQ" name="tests.ViewComputerDataTest" tests="4" failures="0" timestamp="05 May 2019 11:36:57 GMT" time="14.174" errors="0">
  <testcase name="userCanViewComputerDataInSearchResults" time="3.823" classname="tests.ViewComputerDataTest"/>
  <testcase name="userCanViewComputerDataInSearchResults" time="3.627" classname="tests.ViewComputerDataTest"/>
  <testcase name="userCanViewComputerDataInEditPage" time="3.024" classname="tests.ViewComputerDataTest"/>
  <testcase name="userCanViewComputerDataInEditPage" time="3.700" classname="tests.ViewComputerDataTest"/>
</testsuite> <!-- tests.ViewComputerDataTest -->
