<?xml version="1.0" encoding="UTF-8"?>
<!-- Generated by org.testng.reporters.JUnitReportReporter -->
<testsuite skipped="0" hostname="DESKTOP-5MU6NLQ" name="tests.ViewComputerDataTest" tests="4" failures="0" timestamp="05 May 2019 13:10:38 GMT" time="15.648" errors="0">
  <testcase name="userCanViewComputerDataInSearchResults" time="3.288" classname="tests.ViewComputerDataTest"/>
  <testcase name="userCanViewComputerDataInSearchResults" time="3.602" classname="tests.ViewComputerDataTest"/>
  <testcase name="userCanViewComputerDataInEditPage" time="4.520" classname="tests.ViewComputerDataTest"/>
  <testcase name="userCanViewComputerDataInEditPage" time="4.238" classname="tests.ViewComputerDataTest"/>
</testsuite> <!-- tests.ViewComputerDataTest -->
