<?xml version="1.0" encoding="UTF-8"?>
<!-- Generated by org.testng.reporters.JUnitReportReporter -->
<testsuite skipped="0" hostname="DESKTOP-5MU6NLQ" name="tests.AddComputerTest" tests="4" failures="0" timestamp="05 May 2019 13:10:38 GMT" time="14.220" errors="0">
  <testcase name="userCanAddNewComputer" time="1.955" classname="tests.AddComputerTest"/>
  <testcase name="userCanAddNewComputer" time="4.546" classname="tests.AddComputerTest"/>
  <testcase name="userCannotAddComputerWithoutName" time="5.087" classname="tests.AddComputerTest"/>
  <testcase name="userCannotAddComputerWithoutName" time="2.632" classname="tests.AddComputerTest"/>
</testsuite> <!-- tests.AddComputerTest -->
