<?xml version="1.0" encoding="UTF-8"?>
<!-- Generated by org.testng.reporters.JUnitReportReporter -->
<testsuite skipped="0" hostname="DESKTOP-5MU6NLQ" name="tests.SearchForComputerTest" tests="4" failures="0" timestamp="05 May 2019 11:36:57 GMT" time="14.118" errors="0">
  <testcase name="userCanSearchForComputerName" time="2.973" classname="tests.SearchForComputerTest"/>
  <testcase name="userCanSearchForComputerName" time="3.177" classname="tests.SearchForComputerTest"/>
  <testcase name="usercannotFindDeletedUniqueComputerName" time="4.614" classname="tests.SearchForComputerTest"/>
  <testcase name="usercannotFindDeletedUniqueComputerName" time="3.354" classname="tests.SearchForComputerTest"/>
</testsuite> <!-- tests.SearchForComputerTest -->
