<?xml version="1.0" encoding="UTF-8"?>
<!-- Generated by org.testng.reporters.JUnitReportReporter -->
<testsuite skipped="0" hostname="DESKTOP-5MU6NLQ" name="tests.EditComputerTest" tests="6" failures="0" timestamp="05 May 2019 13:10:38 GMT" time="32.125" errors="0">
  <testcase name="userCanEditComputerName" time="8.425" classname="tests.EditComputerTest"/>
  <testcase name="userCanEditComputerName" time="3.645" classname="tests.EditComputerTest"/>
  <testcase name="userCanEditSavedComputerData" time="3.834" classname="tests.EditComputerTest"/>
  <testcase name="userCanEditSavedComputerData" time="4.919" classname="tests.EditComputerTest"/>
  <testcase name="userCannotEditComputerWithoutName" time="6.540" classname="tests.EditComputerTest"/>
  <testcase name="userCannotEditComputerWithoutName" time="4.762" classname="tests.EditComputerTest"/>
</testsuite> <!-- tests.EditComputerTest -->
