<?xml version="1.0" encoding="UTF-8"?>
<!-- Generated by org.testng.reporters.JUnitReportReporter -->
<testsuite skipped="0" hostname="DESKTOP-5MU6NLQ" name="tests.DeleteComputerTest" tests="2" failures="0" timestamp="05 May 2019 11:36:57 GMT" time="9.181" errors="0">
  <testcase name="userCanDeleteComputer" time="5.074" classname="tests.DeleteComputerTest"/>
  <testcase name="userCanDeleteComputer" time="4.107" classname="tests.DeleteComputerTest"/>
</testsuite> <!-- tests.DeleteComputerTest -->
