<?xml version="1.0" encoding="UTF-8"?>
<!-- Generated by org.testng.reporters.JUnitReportReporter -->
<testsuite skipped="0" hostname="DESKTOP-5MU6NLQ" name="tests.DeleteComputerTest" tests="2" failures="0" timestamp="05 May 2019 13:10:38 GMT" time="24.927" errors="0">
  <testcase name="userCanDeleteComputer" time="14.037" classname="tests.DeleteComputerTest"/>
  <testcase name="userCanDeleteComputer" time="10.890" classname="tests.DeleteComputerTest"/>
</testsuite> <!-- tests.DeleteComputerTest -->
