<?xml version="1.0" encoding="UTF-8"?>
<!-- Generated by org.testng.reporters.JUnitReportReporter -->
<testsuite skipped="0" hostname="DESKTOP-5MU6NLQ" name="tests.SearchForComputerTest" tests="4" failures="0" timestamp="05 May 2019 13:10:38 GMT" time="16.519" errors="0">
  <testcase name="userCanSearchForComputerName" time="4.325" classname="tests.SearchForComputerTest"/>
  <testcase name="userCanSearchForComputerName" time="2.795" classname="tests.SearchForComputerTest"/>
  <testcase name="usercannotFindDeletedUniqueComputerName" time="5.158" classname="tests.SearchForComputerTest"/>
  <testcase name="usercannotFindDeletedUniqueComputerName" time="4.241" classname="tests.SearchForComputerTest"/>
</testsuite> <!-- tests.SearchForComputerTest -->
