<?xml version="1.0" encoding="UTF-8"?>
<!-- Generated by org.testng.reporters.JUnitReportReporter -->
<testsuite skipped="0" hostname="DESKTOP-5MU6NLQ" name="tests.AddComputerTest" tests="4" failures="0" timestamp="05 May 2019 11:36:57 GMT" time="12.648" errors="0">
  <testcase name="userCanAddNewComputer" time="1.747" classname="tests.AddComputerTest"/>
  <testcase name="userCanAddNewComputer" time="2.407" classname="tests.AddComputerTest"/>
  <testcase name="userCannotAddComputerWithoutName" time="5.890" classname="tests.AddComputerTest"/>
  <testcase name="userCannotAddComputerWithoutName" time="2.604" classname="tests.AddComputerTest"/>
</testsuite> <!-- tests.AddComputerTest -->
